Using pre-set license
Built from '2020.3/china_unity/release' branch; Version is '2020.3.8f1c1 (0b92326fa640) revision 758322'; Using compiler version '192528614'; Build Type 'Release'
OS: 'Windows 10 Education; OS build 19042.928; Version 2009; 64bit' Language: 'zh' Physical Memory: 16317 MB
BatchMode: 1, IsHumanControllingUs: 0, StartBugReporterOnCrash: 0, Is64bit: 1, IsPro: 0

 COMMAND LINE ARGUMENTS:
D:\unity\2020.3.8f1c1\Editor\Unity.exe
-adb2
-batchMode
-noUpm
-name
AssetImportWorker1
-projectPath
E:/Ruby/New Unity Project
-logFile
Logs/AssetImportWorker1.log
-srvPort
64869
Successfully changed project path to: E:/Ruby/New Unity Project
E:/Ruby/New Unity Project
Using Asset Import Pipeline V2.
Refreshing native plugins compatible for Editor in 37.66 ms, found 1 plugins.
Preloading 0 native plugins for Editor in 0.00 ms.
Initialize engine version: 2020.3.8f1c1 (0b92326fa640)
[Subsystems] Discovering subsystems at path D:/unity/2020.3.8f1c1/Editor/Data/Resources/UnitySubsystems
[Subsystems] Discovering subsystems at path E:/Ruby/New Unity Project/Assets
GfxDevice: creating device client; threaded=0
Direct3D:
    Version:  Direct3D 11.0 [level 11.1]
    Renderer: NVIDIA GeForce GT 1030 (ID=0x1d01)
    Vendor:   
    VRAM:     1982 MB
    Driver:   26.21.14.3200
Initialize mono
Mono path[0] = 'D:/unity/2020.3.8f1c1/Editor/Data/Managed'
Mono path[1] = 'D:/unity/2020.3.8f1c1/Editor/Data/MonoBleedingEdge/lib/mono/unityjit'
Mono config path = 'D:/unity/2020.3.8f1c1/Editor/Data/MonoBleedingEdge/etc'
Using monoOptions --debugger-agent=transport=dt_socket,embedding=1,server=y,suspend=n,address=127.0.0.1:56300
Begin MonoManager ReloadAssembly
Registering precompiled unity dll's ...
Register platform support module: D:/unity/2020.3.8f1c1/Editor/Data/PlaybackEngines/WindowsStandaloneSupport/UnityEditor.WindowsStandalone.Extensions.dll
Registered in 0.001953 seconds.
Native extension for WindowsStandalone target not found
Refreshing native plugins compatible for Editor in 40.22 ms, found 1 plugins.
Preloading 0 native plugins for Editor in 0.00 ms.
Mono: successfully reloaded assembly
- Completed reload, in  2.317 seconds
Platform modules already initialized, skipping
Registering precompiled user dll's ...
Registered in 0.000744 seconds.
Begin MonoManager ReloadAssembly
Native extension for WindowsStandalone target not found
Refreshing native plugins compatible for Editor in 38.77 ms, found 1 plugins.
Preloading 0 native plugins for Editor in 0.00 ms.
Mono: successfully reloaded assembly
- Completed reload, in  0.988 seconds
Platform modules already initialized, skipping
========================================================================
Worker process is ready to serve import requests
Launched and connected shader compiler UnityShaderCompiler.exe after 0.11 seconds
Refreshing native plugins compatible for Editor in 0.35 ms, found 1 plugins.
Preloading 0 native plugins for Editor in 0.00 ms.
Unloading 1812 Unused Serialized files (Serialized files now loaded: 0)
System memory in use before: 87.4 MB.
System memory in use after: 87.5 MB.

Unloading 19 unused Assets to reduce memory usage. Loaded Objects now: 2261.
Total: 1.900000 ms (FindLiveObjects: 0.149600 ms CreateObjectMapping: 0.054500 ms MarkObjects: 1.632100 ms  DeleteObjects: 0.062900 ms)

========================================================================
Received Import Request.
  path: Assets/Prefabs/Bot.prefab
  artifactKey: Guid(64eb00bbe661e7542ab53f75c9a1f138) Importer(815301076,1909f56bfc062723c751e8b465ee728b)
Start importing Assets/Prefabs/Bot.prefab using Guid(64eb00bbe661e7542ab53f75c9a1f138) Importer(815301076,1909f56bfc062723c751e8b465ee728b)  -> (artifact id: 'cbff72ca0927269fd3ed5a4df70b3b58') in 0.139817 seconds
  Import took 0.142874 seconds .

========================================================================
Received Prepare
Registering precompiled user dll's ...
Registered in 0.000782 seconds.
Begin MonoManager ReloadAssembly
Native extension for WindowsStandalone target not found
Refreshing native plugins compatible for Editor in 0.35 ms, found 1 plugins.
Preloading 0 native plugins for Editor in 0.00 ms.
Mono: successfully reloaded assembly
- Completed reload, in  0.884 seconds
Platform modules already initialized, skipping
Refreshing native plugins compatible for Editor in 0.33 ms, found 1 plugins.
Preloading 0 native plugins for Editor in 0.00 ms.
Unloading 1802 Unused Serialized files (Serialized files now loaded: 0)
System memory in use before: 90.0 MB.
System memory in use after: 90.1 MB.

Unloading 7 unused Assets to reduce memory usage. Loaded Objects now: 2272.
Total: 1.928600 ms (FindLiveObjects: 0.159400 ms CreateObjectMapping: 0.056900 ms MarkObjects: 1.695500 ms  DeleteObjects: 0.015600 ms)

========================================================================
Received Prepare
Registering precompiled user dll's ...
Registered in 0.000886 seconds.
Begin MonoManager ReloadAssembly
Native extension for WindowsStandalone target not found
Refreshing native plugins compatible for Editor in 0.36 ms, found 1 plugins.
Preloading 0 native plugins for Editor in 0.00 ms.
Mono: successfully reloaded assembly
- Completed reload, in  0.937 seconds
Platform modules already initialized, skipping
Refreshing native plugins compatible for Editor in 0.35 ms, found 1 plugins.
Preloading 0 native plugins for Editor in 0.00 ms.
Unloading 1802 Unused Serialized files (Serialized files now loaded: 0)
System memory in use before: 90.0 MB.
System memory in use after: 90.1 MB.

Unloading 7 unused Assets to reduce memory usage. Loaded Objects now: 2276.
Total: 1.870200 ms (FindLiveObjects: 0.173900 ms CreateObjectMapping: 0.063600 ms MarkObjects: 1.615100 ms  DeleteObjects: 0.016600 ms)

========================================================================
Received Import Request.
  Time since last request: 1383.453974 seconds.
  path: Assets/Prefabs/Bot.prefab
  artifactKey: Guid(64eb00bbe661e7542ab53f75c9a1f138) Importer(815301076,1909f56bfc062723c751e8b465ee728b)
Start importing Assets/Prefabs/Bot.prefab using Guid(64eb00bbe661e7542ab53f75c9a1f138) Importer(815301076,1909f56bfc062723c751e8b465ee728b)  -> (artifact id: 'b3fb609c39f0aba868bd4cd75ca1a4a9') in 0.076665 seconds
  Import took 0.080997 seconds .

========================================================================
Received Import Request.
  Time since last request: 113.391012 seconds.
  path: Assets/Prefabs/Bot.prefab
  artifactKey: Guid(64eb00bbe661e7542ab53f75c9a1f138) Importer(815301076,1909f56bfc062723c751e8b465ee728b)
Start importing Assets/Prefabs/Bot.prefab using Guid(64eb00bbe661e7542ab53f75c9a1f138) Importer(815301076,1909f56bfc062723c751e8b465ee728b)  -> (artifact id: '5a5d11082684f66bcc3c62f303bd0007') in 0.012998 seconds
  Import took 0.041040 seconds .

========================================================================
Received Import Request.
  Time since last request: 130.724103 seconds.
  path: Assets/Art/Animations/Robot.controller
  artifactKey: Guid(7692c46907757a242b34bd971a2a82f2) Importer(815301076,1909f56bfc062723c751e8b465ee728b)
Start importing Assets/Art/Animations/Robot.controller using Guid(7692c46907757a242b34bd971a2a82f2) Importer(815301076,1909f56bfc062723c751e8b465ee728b)  -> (artifact id: '20f2e78236a2427be4b236190366cb68') in 0.017723 seconds
  Import took 0.020486 seconds .

========================================================================
Received Import Request.
  Time since last request: 778.797793 seconds.
  path: Assets/Art/Animations/Robot.controller
  artifactKey: Guid(7692c46907757a242b34bd971a2a82f2) Importer(815301076,1909f56bfc062723c751e8b465ee728b)
Start importing Assets/Art/Animations/Robot.controller using Guid(7692c46907757a242b34bd971a2a82f2) Importer(815301076,1909f56bfc062723c751e8b465ee728b)  -> (artifact id: '8003c2ff7a4a8368b5eef244057dc01b') in 0.007800 seconds
  Import took 0.011218 seconds .

========================================================================
Received Import Request.
  Time since last request: 0.004868 seconds.
  path: Assets/Art/Animations/Robot.controller
  artifactKey: Guid(7692c46907757a242b34bd971a2a82f2) Importer(815301076,1909f56bfc062723c751e8b465ee728b)
Start importing Assets/Art/Animations/Robot.controller using Guid(7692c46907757a242b34bd971a2a82f2) Importer(815301076,1909f56bfc062723c751e8b465ee728b)  -> (artifact id: '8003c2ff7a4a8368b5eef244057dc01b') in 0.004951 seconds
  Import took 0.008429 seconds .

AssetImportWorkerClient::OnTransportError - code=2 error=End of file
